# JRE version: OpenJDK Runtime Environment (8.0_202) (build 1.8.0_202-release-1483-b49-5587405)
# Java VM: OpenJDK 64-Bit Server VM (25.202-b49-5587405 mixed mode linux-amd64 compressed oops)
Heap:
 PSYoungGen      total 414720K, used 0K [0x00000000e0000000, 0x0000000100000000, 0x0000000100000000)
  eden space 305152K, 0% used [0x00000000e0000000,0x00000000e0000000,0x00000000f2a00000)
  from space 109568K, 0% used [0x00000000f2a00000,0x00000000f2a00000,0x00000000f9500000)
  to   space 109568K, 0% used [0x00000000f9500000,0x00000000f9500000,0x0000000100000000)
 ParOldGen       total 443904K, used 351265K [0x00000000a0000000, 0x00000000bb180000, 0x00000000e0000000)
  object space 443904K, 79% used [0x00000000a0000000,0x00000000b5708718,0x00000000bb180000)
 Metaspace       used 118580K, capacity 126380K, committed 126936K, reserved 1159168K
  class space    used 14835K, capacity 16204K, committed 16384K, reserved 1048576K
GC Heap History (10 events):
Event: 9054.506 GC heap after
Heap after GC invocations=95 (full 8):
 PSYoungGen      total 440320K, used 44819K [0x00000000e0000000, 0x0000000100000000, 0x0000000100000000)
  eden space 363008K, 0% used [0x00000000e0000000,0x00000000e0000000,0x00000000f6280000)
  from space 77312K, 57% used [0x00000000f6280000,0x00000000f8e44cb8,0x00000000fae00000)
  to   space 77824K, 0% used [0x00000000fb400000,0x00000000fb400000,0x0000000100000000)
 ParOldGen       total 443904K, used 253497K [0x00000000a0000000, 0x00000000bb180000, 0x00000000e0000000)
  object space 443904K, 57% used [0x00000000a0000000,0x00000000af78e798,0x00000000bb180000)
 Metaspace       used 116207K, capacity 122640K, committed 122968K, reserved 1157120K
  class space    used 14477K, capacity 15691K, committed 15744K, reserved 1048576K
}
Event: 9093.008 GC heap before
{Heap before GC invocations=96 (full 8):
 PSYoungGen      total 440320K, used 407827K [0x00000000e0000000, 0x0000000100000000, 0x0000000100000000)
  eden space 363008K, 100% used [0x00000000e0000000,0x00000000f6280000,0x00000000f6280000)
  from space 77312K, 57% used [0x00000000f6280000,0x00000000f8e44cb8,0x00000000fae00000)
  to   space 77824K, 0% used [0x00000000fb400000,0x00000000fb400000,0x0000000100000000)
 ParOldGen       total 443904K, used 253497K [0x00000000a0000000, 0x00000000bb180000, 0x00000000e0000000)
  object space 443904K, 57% used [0x00000000a0000000,0x00000000af78e798,0x00000000bb180000)
 Metaspace       used 118108K, capacity 126018K, committed 126296K, reserved 1159168K
  class space    used 14811K, capacity 16201K, committed 16256K, reserved 1048576K
Event: 9093.067 GC heap after
Heap after GC invocations=96 (full 8):
 PSYoungGen      total 446464K, used 42448K [0x00000000e0000000, 0x00000000fff80000, 0x0000000100000000)
  eden space 369152K, 0% used [0x00000000e0000000,0x00000000e0000000,0x00000000f6880000)
  from space 77312K, 54% used [0x00000000fb400000,0x00000000fdd741c8,0x00000000fff80000)
  to   space 77312K, 0% used [0x00000000f6880000,0x00000000f6880000,0x00000000fb400000)
 ParOldGen       total 443904K, used 254265K [0x00000000a0000000, 0x00000000bb180000, 0x00000000e0000000)
  object space 443904K, 57% used [0x00000000a0000000,0x00000000af84e798,0x00000000bb180000)
 Metaspace       used 118108K, capacity 126018K, committed 126296K, reserved 1159168K
  class space    used 14811K, capacity 16201K, committed 16256K, reserved 1048576K
}
Event: 9099.940 GC heap before
{Heap before GC invocations=97 (full 8):
 PSYoungGen      total 446464K, used 411600K [0x00000000e0000000, 0x00000000fff80000, 0x0000000100000000)
  eden space 369152K, 100% used [0x00000000e0000000,0x00000000f6880000,0x00000000f6880000)
  from space 77312K, 54% used [0x00000000fb400000,0x00000000fdd741c8,0x00000000fff80000)
  to   space 77312K, 0% used [0x00000000f6880000,0x00000000f6880000,0x00000000fb400000)
 ParOldGen       total 443904K, used 254265K [0x00000000a0000000, 0x00000000bb180000, 0x00000000e0000000)
  object space 443904K, 57% used [0x00000000a0000000,0x00000000af84e798,0x00000000bb180000)
 Metaspace       used 118639K, capacity 126550K, committed 126680K, reserved 1159168K
  class space    used 14858K, capacity 16269K, committed 16384K, reserved 1048576K
Event: 9100.046 GC heap after
Heap after GC invocations=97 (full 8):
 PSYoungGen      total 443392K, used 74180K [0x00000000e0000000, 0x0000000100000000, 0x0000000100000000)
  eden space 369152K, 0% used [0x00000000e0000000,0x00000000e0000000,0x00000000f6880000)
  from space 74240K, 99% used [0x00000000f6880000,0x00000000fb0f12b8,0x00000000fb100000)
  to   space 80896K, 0% used [0x00000000fb100000,0x00000000fb100000,0x0000000100000000)
 ParOldGen       total 443904K, used 254273K [0x00000000a0000000, 0x00000000bb180000, 0x00000000e0000000)
  object space 443904K, 57% used [0x00000000a0000000,0x00000000af850798,0x00000000bb180000)
 Metaspace       used 118639K, capacity 126550K, committed 126680K, reserved 1159168K
  class space    used 14858K, capacity 16269K, committed 16384K, reserved 1048576K
}
Event: 9101.607 GC heap before
{Heap before GC invocations=98 (full 8):
 PSYoungGen      total 443392K, used 443332K [0x00000000e0000000, 0x0000000100000000, 0x0000000100000000)
  eden space 369152K, 100% used [0x00000000e0000000,0x00000000f6880000,0x00000000f6880000)
  from space 74240K, 99% used [0x00000000f6880000,0x00000000fb0f12b8,0x00000000fb100000)
  to   space 80896K, 0% used [0x00000000fb100000,0x00000000fb100000,0x0000000100000000)
 ParOldGen       total 443904K, used 254273K [0x00000000a0000000, 0x00000000bb180000, 0x00000000e0000000)
  object space 443904K, 57% used [0x00000000a0000000,0x00000000af850798,0x00000000bb180000)
 Metaspace       used 118860K, capacity 126798K, committed 126936K, reserved 1159168K
  class space    used 14891K, capacity 16319K, committed 16384K, reserved 1048576K
Event: 9101.686 GC heap after
Heap after GC invocations=98 (full 8):
 PSYoungGen      total 386048K, used 80891K [0x00000000e0000000, 0x0000000100000000, 0x0000000100000000)
  eden space 305152K, 0% used [0x00000000e0000000,0x00000000e0000000,0x00000000f2a00000)
  from space 80896K, 99% used [0x00000000fb100000,0x00000000ffffee68,0x0000000100000000)
  to   space 109568K, 0% used [0x00000000f2a00000,0x00000000f2a00000,0x00000000f9500000)
 ParOldGen       total 443904K, used 282856K [0x00000000a0000000, 0x00000000bb180000, 0x00000000e0000000)
  object space 443904K, 63% used [0x00000000a0000000,0x00000000b143a058,0x00000000bb180000)
 Metaspace       used 118860K, capacity 126798K, committed 126936K, reserved 1159168K
  class space    used 14891K, capacity 16319K, committed 16384K, reserved 1048576K
}
Event: 9102.023 GC heap before
{Heap before GC invocations=99 (full 8):
 PSYoungGen      total 386048K, used 386043K [0x00000000e0000000, 0x0000000100000000, 0x0000000100000000)
  eden space 305152K, 100% used [0x00000000e0000000,0x00000000f2a00000,0x00000000f2a00000)
  from space 80896K, 99% used [0x00000000fb100000,0x00000000ffffee68,0x0000000100000000)
  to   space 109568K, 0% used [0x00000000f2a00000,0x00000000f2a00000,0x00000000f9500000)
 ParOldGen       total 443904K, used 282856K [0x00000000a0000000, 0x00000000bb180000, 0x00000000e0000000)
  object space 443904K, 63% used [0x00000000a0000000,0x00000000b143a058,0x00000000bb180000)
 Metaspace       used 118862K, capacity 126798K, committed 126936K, reserved 1159168K
  class space    used 14891K, capacity 16319K, committed 16384K, reserved 1048576K
Event: 9102.182 GC heap after
Heap after GC invocations=99 (full 8):
 PSYoungGen      total 414720K, used 109567K [0x00000000e0000000, 0x0000000100000000, 0x0000000100000000)
  eden space 305152K, 0% used [0x00000000e0000000,0x00000000e0000000,0x00000000f2a00000)
  from space 109568K, 99% used [0x00000000f2a00000,0x00000000f94ffc08,0x00000000f9500000)
  to   space 109568K, 0% used [0x00000000f9500000,0x00000000f9500000,0x0000000100000000)
 ParOldGen       total 443904K, used 413946K [0x00000000a0000000, 0x00000000bb180000, 0x00000000e0000000)
  object space 443904K, 93% used [0x00000000a0000000,0x00000000b943e8f0,0x00000000bb180000)
 Metaspace       used 118862K, capacity 126798K, committed 126936K, reserved 1159168K
  class space    used 14891K, capacity 16319K, committed 16384K, reserved 1048576K
}
Event: 9102.182 GC heap before
{Heap before GC invocations=100 (full 9):
 PSYoungGen      total 414720K, used 109567K [0x00000000e0000000, 0x0000000100000000, 0x0000000100000000)
  eden space 305152K, 0% used [0x00000000e0000000,0x00000000e0000000,0x00000000f2a00000)
  from space 109568K, 99% used [0x00000000f2a00000,0x00000000f94ffc08,0x00000000f9500000)
  to   space 109568K, 0% used [0x00000000f9500000,0x00000000f9500000,0x0000000100000000)
 ParOldGen       total 443904K, used 413946K [0x00000000a0000000, 0x00000000bb180000, 0x00000000e0000000)
  object space 443904K, 93% used [0x00000000a0000000,0x00000000b943e8f0,0x00000000bb180000)
 Metaspace       used 118862K, capacity 126798K, committed 126936K, reserved 1159168K
  class space    used 14891K, capacity 16319K, committed 16384K, reserved 1048576K

